2019-03-19 08:40:10.995 INFO  --- [main] c.a.d.common.logger.LoggerFactory : using logger: com.alibaba.dubbo.common.logger.slf4j.Slf4jLoggerAdapter 
2019-03-19 08:40:11.033 INFO  --- [main] c.a.b.d.c.e.WelcomeLogoApplicationListener : 

 :: Dubbo Spring Boot (v0.2.0) : https://github.com/apache/incubator-dubbo-spring-boot-project
 :: Dubbo (v2.6.2) : https://github.com/apache/incubator-dubbo
 :: Google group : dev@dubbo.incubator.apache.org
 
2019-03-19 08:40:11.036 INFO  --- [main] c.a.b.d.c.e.OverrideDubboConfigApplicationListener : Dubbo Config was overridden by externalized configuration {dubbo.application.name=tpva, dubbo.protocol.name=dubbo, dubbo.protocol.port=12345, dubbo.protocol.threads=10, dubbo.registry.address=192.168.88.97:30000, dubbo.registry.protocol=zookeeper, dubbo.registry.timeout=30000} 
2019-03-19 08:40:11.158 INFO  --- [main] com.csdc.TlabelApplication : Starting TlabelApplication on csdc-PC with PID 16760 (E:\projects\tlabel\tlabel_service\target\classes started by csdc in E:\projects\tlabel) 
2019-03-19 08:40:11.158 INFO  --- [main] com.csdc.TlabelApplication : No active profile set, falling back to default profiles: default 
2019-03-19 08:40:12.154 INFO  --- [main] c.a.d.c.s.c.a.DubboConfigBindingRegistrar : The dubbo config bean definition [name : com.alibaba.dubbo.config.ApplicationConfig#0, class : com.alibaba.dubbo.config.ApplicationConfig] has been registered. 
2019-03-19 08:40:12.156 INFO  --- [main] c.a.d.c.s.c.a.DubboConfigBindingRegistrar : The BeanPostProcessor bean definition [com.alibaba.dubbo.config.spring.beans.factory.annotation.DubboConfigBindingBeanPostProcessor] for dubbo config bean [name : com.alibaba.dubbo.config.ApplicationConfig#0] has been registered. 
2019-03-19 08:40:12.156 INFO  --- [main] c.a.d.c.s.c.a.DubboConfigBindingRegistrar : The dubbo config bean definition [name : com.alibaba.dubbo.config.RegistryConfig#0, class : com.alibaba.dubbo.config.RegistryConfig] has been registered. 
2019-03-19 08:40:12.157 INFO  --- [main] c.a.d.c.s.c.a.DubboConfigBindingRegistrar : The BeanPostProcessor bean definition [com.alibaba.dubbo.config.spring.beans.factory.annotation.DubboConfigBindingBeanPostProcessor] for dubbo config bean [name : com.alibaba.dubbo.config.RegistryConfig#0] has been registered. 
2019-03-19 08:40:12.158 INFO  --- [main] c.a.d.c.s.c.a.DubboConfigBindingRegistrar : The dubbo config bean definition [name : com.alibaba.dubbo.config.ProtocolConfig#0, class : com.alibaba.dubbo.config.ProtocolConfig] has been registered. 
2019-03-19 08:40:12.158 INFO  --- [main] c.a.d.c.s.c.a.DubboConfigBindingRegistrar : The BeanPostProcessor bean definition [com.alibaba.dubbo.config.spring.beans.factory.annotation.DubboConfigBindingBeanPostProcessor] for dubbo config bean [name : com.alibaba.dubbo.config.ProtocolConfig#0] has been registered. 
2019-03-19 08:40:12.922 INFO  --- [main] o.s.c.s.PostProcessorRegistrationDelegate$BeanPostProcessorChecker : Bean 'com.alibaba.boot.dubbo.autoconfigure.DubboAutoConfiguration' of type [com.alibaba.boot.dubbo.autoconfigure.DubboAutoConfiguration$$EnhancerBySpringCGLIB$$e3269462] is not eligible for getting processed by all BeanPostProcessors (for example: not eligible for auto-proxying) 
2019-03-19 08:40:13.044 INFO  --- [main] o.s.c.s.PostProcessorRegistrationDelegate$BeanPostProcessorChecker : Bean 'relaxedDubboConfigBinder' of type [com.alibaba.boot.dubbo.autoconfigure.RelaxedDubboConfigBinder] is not eligible for getting processed by all BeanPostProcessors (for example: not eligible for auto-proxying) 
2019-03-19 08:40:13.056 INFO  --- [main] o.s.c.s.PostProcessorRegistrationDelegate$BeanPostProcessorChecker : Bean 'org.springframework.transaction.annotation.ProxyTransactionManagementConfiguration' of type [org.springframework.transaction.annotation.ProxyTransactionManagementConfiguration$$EnhancerBySpringCGLIB$$d424eef0] is not eligible for getting processed by all BeanPostProcessors (for example: not eligible for auto-proxying) 
2019-03-19 08:40:13.093 INFO  --- [main] o.s.c.s.PostProcessorRegistrationDelegate$BeanPostProcessorChecker : Bean 'relaxedDubboConfigBinder' of type [com.alibaba.boot.dubbo.autoconfigure.RelaxedDubboConfigBinder] is not eligible for getting processed by all BeanPostProcessors (for example: not eligible for auto-proxying) 
2019-03-19 08:40:13.096 INFO  --- [main] o.s.c.s.PostProcessorRegistrationDelegate$BeanPostProcessorChecker : Bean 'relaxedDubboConfigBinder' of type [com.alibaba.boot.dubbo.autoconfigure.RelaxedDubboConfigBinder] is not eligible for getting processed by all BeanPostProcessors (for example: not eligible for auto-proxying) 
2019-03-19 08:40:13.704 INFO  --- [main] o.s.b.w.e.tomcat.TomcatWebServer : Tomcat initialized with port(s): 8080 (http) 
2019-03-19 08:40:13.731 INFO  --- [main] o.a.catalina.core.StandardService : Starting service [Tomcat] 
2019-03-19 08:40:13.732 INFO  --- [main] o.a.catalina.core.StandardEngine : Starting Servlet engine: [Apache Tomcat/9.0.16] 
2019-03-19 08:40:13.743 INFO  --- [main] o.a.c.core.AprLifecycleListener : The APR based Apache Tomcat Native library which allows optimal performance in production environments was not found on the java.library.path: [C:\Java\jdk1.8.0_101\bin;C:\WINDOWS\Sun\Java\bin;C:\WINDOWS\system32;C:\WINDOWS;c:\gtk\bin;C:\Program Files (x86)\Common Files\Oracle\Java\javapath;C:\windows\system32;C:\windows;C:\windows\System32\Wbem;C:\windows\System32\WindowsPowerShell\v1.0\;C:\Program Files (x86)\NVIDIA Corporation\PhysX\Common;C:\WINDOWS\system32;C:\WINDOWS;C:\WINDOWS\System32\Wbem;C:\WINDOWS\System32\WindowsPowerShell\v1.0\;C:\WINDOWS\System32\OpenSSH\;C:\Program Files\MySQL\MySQL Server 8.0\bin;C:\Program Files\TortoiseSVN\bin;C:\Program Files\MySQL\MySQL Server 5.7\bin;D:\program files\apache-maven\bin;D:\gradle-4.8.1\bin;C:\Java\jdk-10.0.1\bin;%JRE_HOME%;D:\program files\Tomcat\apache-tomcat-7.0.90\apache-tomcat-7.0.90\bin;%ANDROID_SDK_HOME%\platform-tools;%ANDROID_SDK_HOME%\tools;C:\Users\csdc\AppData\Local\Microsoft\WindowsApps;D:\Program Files\Git\cmd;D:\program files\MongoDB\Server\3.2\bin;D:\program files\zookeeper-3.4.12\zookeeper-3.4.12\bin;C:\Users\csdc\AppData\Local\Microsoft\WindowsApps;;.] 
2019-03-19 08:40:13.893 INFO  --- [main] o.a.c.c.C.[Tomcat].[localhost].[/] : Initializing Spring embedded WebApplicationContext 
2019-03-19 08:40:13.893 INFO  --- [main] o.s.web.context.ContextLoader : Root WebApplicationContext: initialization completed in 2668 ms 
2019-03-19 08:40:15.177 INFO  --- [main] o.s.s.c.ThreadPoolTaskExecutor : Initializing ExecutorService 'applicationTaskExecutor' 
2019-03-19 08:40:15.393 INFO  --- [main] c.a.d.c.s.b.f.a.DubboConfigBindingBeanPostProcessor : The properties of bean [name : com.alibaba.dubbo.config.ApplicationConfig#0] have been binding by prefix of configuration properties : dubbo.application 
2019-03-19 08:40:15.407 INFO  --- [main] c.a.d.c.s.b.f.a.DubboConfigBindingBeanPostProcessor : The properties of bean [name : com.alibaba.dubbo.config.RegistryConfig#0] have been binding by prefix of configuration properties : dubbo.registry 
2019-03-19 08:40:15.421 INFO  --- [main] c.a.d.c.s.b.f.a.DubboConfigBindingBeanPostProcessor : The properties of bean [name : com.alibaba.dubbo.config.ProtocolConfig#0] have been binding by prefix of configuration properties : dubbo.protocol 
2019-03-19 08:40:16.234 INFO  --- [main] o.s.s.c.ThreadPoolTaskScheduler : Initializing ExecutorService 'taskScheduler' 
2019-03-19 08:40:16.456 INFO  --- [main] o.s.b.w.e.tomcat.TomcatWebServer : Tomcat initialized with port(s): 9999 (http) 
2019-03-19 08:40:16.457 INFO  --- [main] o.a.catalina.core.StandardService : Starting service [Tomcat] 
2019-03-19 08:40:16.458 INFO  --- [main] o.a.catalina.core.StandardEngine : Starting Servlet engine: [Apache Tomcat/9.0.16] 
2019-03-19 08:40:16.483 INFO  --- [main] o.a.c.c.C.[Tomcat-1].[localhost].[/] : Initializing Spring embedded WebApplicationContext 
2019-03-19 08:40:16.483 INFO  --- [main] o.s.web.context.ContextLoader : Root WebApplicationContext: initialization completed in 139 ms 
2019-03-19 08:40:16.510 INFO  --- [main] o.s.b.a.e.web.EndpointLinksResolver : Exposing 2 endpoint(s) beneath base path '/actuator' 
2019-03-19 08:40:16.617 INFO  --- [main] o.s.b.w.e.tomcat.TomcatWebServer : Tomcat started on port(s): 9999 (http) with context path '' 
2019-03-19 08:40:16.639 INFO  --- [main] o.s.b.w.e.tomcat.TomcatWebServer : Tomcat started on port(s): 8080 (http) with context path '' 
2019-03-19 08:40:16.640 INFO  --- [main] com.csdc.TlabelApplication : Started TlabelApplication in 6.224 seconds (JVM running for 7.96) 
2019-03-19 08:40:52.890 INFO  --- [main] c.a.d.common.logger.LoggerFactory : using logger: com.alibaba.dubbo.common.logger.slf4j.Slf4jLoggerAdapter 
2019-03-19 08:40:52.897 INFO  --- [main] c.a.b.d.c.e.WelcomeLogoApplicationListener : 

 :: Dubbo Spring Boot (v0.2.0) : https://github.com/apache/incubator-dubbo-spring-boot-project
 :: Dubbo (v2.6.2) : https://github.com/apache/incubator-dubbo
 :: Google group : dev@dubbo.incubator.apache.org
 
2019-03-19 08:40:52.900 INFO  --- [main] c.a.b.d.c.e.OverrideDubboConfigApplicationListener : Dubbo Config was overridden by externalized configuration {dubbo.application.name=tpva, dubbo.protocol.name=dubbo, dubbo.protocol.port=12345, dubbo.protocol.threads=10, dubbo.registry.address=192.168.88.97:30000, dubbo.registry.protocol=zookeeper, dubbo.registry.timeout=30000} 
2019-03-19 08:40:52.999 INFO  --- [main] com.csdc.TlabelApplication : Starting TlabelApplication on csdc-PC with PID 10120 (E:\projects\tlabel\tlabel_service\target\classes started by csdc in E:\projects\tlabel) 
2019-03-19 08:40:53.000 INFO  --- [main] com.csdc.TlabelApplication : No active profile set, falling back to default profiles: default 
2019-03-19 08:40:53.712 INFO  --- [main] c.a.d.c.s.c.a.DubboConfigBindingRegistrar : The dubbo config bean definition [name : com.alibaba.dubbo.config.ApplicationConfig#0, class : com.alibaba.dubbo.config.ApplicationConfig] has been registered. 
2019-03-19 08:40:53.714 INFO  --- [main] c.a.d.c.s.c.a.DubboConfigBindingRegistrar : The BeanPostProcessor bean definition [com.alibaba.dubbo.config.spring.beans.factory.annotation.DubboConfigBindingBeanPostProcessor] for dubbo config bean [name : com.alibaba.dubbo.config.ApplicationConfig#0] has been registered. 
2019-03-19 08:40:53.714 INFO  --- [main] c.a.d.c.s.c.a.DubboConfigBindingRegistrar : The dubbo config bean definition [name : com.alibaba.dubbo.config.RegistryConfig#0, class : com.alibaba.dubbo.config.RegistryConfig] has been registered. 
2019-03-19 08:40:53.715 INFO  --- [main] c.a.d.c.s.c.a.DubboConfigBindingRegistrar : The BeanPostProcessor bean definition [com.alibaba.dubbo.config.spring.beans.factory.annotation.DubboConfigBindingBeanPostProcessor] for dubbo config bean [name : com.alibaba.dubbo.config.RegistryConfig#0] has been registered. 
2019-03-19 08:40:53.715 INFO  --- [main] c.a.d.c.s.c.a.DubboConfigBindingRegistrar : The dubbo config bean definition [name : com.alibaba.dubbo.config.ProtocolConfig#0, class : com.alibaba.dubbo.config.ProtocolConfig] has been registered. 
2019-03-19 08:40:53.715 INFO  --- [main] c.a.d.c.s.c.a.DubboConfigBindingRegistrar : The BeanPostProcessor bean definition [com.alibaba.dubbo.config.spring.beans.factory.annotation.DubboConfigBindingBeanPostProcessor] for dubbo config bean [name : com.alibaba.dubbo.config.ProtocolConfig#0] has been registered. 
2019-03-19 08:40:53.998 INFO  --- [main] o.s.c.s.PostProcessorRegistrationDelegate$BeanPostProcessorChecker : Bean 'com.alibaba.boot.dubbo.autoconfigure.DubboAutoConfiguration' of type [com.alibaba.boot.dubbo.autoconfigure.DubboAutoConfiguration$$EnhancerBySpringCGLIB$$1b309cc7] is not eligible for getting processed by all BeanPostProcessors (for example: not eligible for auto-proxying) 
2019-03-19 08:40:54.072 INFO  --- [main] o.s.c.s.PostProcessorRegistrationDelegate$BeanPostProcessorChecker : Bean 'relaxedDubboConfigBinder' of type [com.alibaba.boot.dubbo.autoconfigure.RelaxedDubboConfigBinder] is not eligible for getting processed by all BeanPostProcessors (for example: not eligible for auto-proxying) 
2019-03-19 08:40:54.080 INFO  --- [main] o.s.c.s.PostProcessorRegistrationDelegate$BeanPostProcessorChecker : Bean 'org.springframework.transaction.annotation.ProxyTransactionManagementConfiguration' of type [org.springframework.transaction.annotation.ProxyTransactionManagementConfiguration$$EnhancerBySpringCGLIB$$c2ef755] is not eligible for getting processed by all BeanPostProcessors (for example: not eligible for auto-proxying) 
2019-03-19 08:40:54.101 INFO  --- [main] o.s.c.s.PostProcessorRegistrationDelegate$BeanPostProcessorChecker : Bean 'relaxedDubboConfigBinder' of type [com.alibaba.boot.dubbo.autoconfigure.RelaxedDubboConfigBinder] is not eligible for getting processed by all BeanPostProcessors (for example: not eligible for auto-proxying) 
2019-03-19 08:40:54.103 INFO  --- [main] o.s.c.s.PostProcessorRegistrationDelegate$BeanPostProcessorChecker : Bean 'relaxedDubboConfigBinder' of type [com.alibaba.boot.dubbo.autoconfigure.RelaxedDubboConfigBinder] is not eligible for getting processed by all BeanPostProcessors (for example: not eligible for auto-proxying) 
2019-03-19 08:40:54.376 INFO  --- [main] o.s.b.w.e.tomcat.TomcatWebServer : Tomcat initialized with port(s): 8080 (http) 
2019-03-19 08:40:54.392 INFO  --- [main] o.a.catalina.core.StandardService : Starting service [Tomcat] 
2019-03-19 08:40:54.392 INFO  --- [main] o.a.catalina.core.StandardEngine : Starting Servlet engine: [Apache Tomcat/9.0.16] 
2019-03-19 08:40:54.397 INFO  --- [main] o.a.c.core.AprLifecycleListener : The APR based Apache Tomcat Native library which allows optimal performance in production environments was not found on the java.library.path: [C:\Java\jdk1.8.0_101\bin;C:\WINDOWS\Sun\Java\bin;C:\WINDOWS\system32;C:\WINDOWS;c:\gtk\bin;C:\Program Files (x86)\Common Files\Oracle\Java\javapath;C:\windows\system32;C:\windows;C:\windows\System32\Wbem;C:\windows\System32\WindowsPowerShell\v1.0\;C:\Program Files (x86)\NVIDIA Corporation\PhysX\Common;C:\WINDOWS\system32;C:\WINDOWS;C:\WINDOWS\System32\Wbem;C:\WINDOWS\System32\WindowsPowerShell\v1.0\;C:\WINDOWS\System32\OpenSSH\;C:\Program Files\MySQL\MySQL Server 8.0\bin;C:\Program Files\TortoiseSVN\bin;C:\Program Files\MySQL\MySQL Server 5.7\bin;D:\program files\apache-maven\bin;D:\gradle-4.8.1\bin;C:\Java\jdk-10.0.1\bin;%JRE_HOME%;D:\program files\Tomcat\apache-tomcat-7.0.90\apache-tomcat-7.0.90\bin;%ANDROID_SDK_HOME%\platform-tools;%ANDROID_SDK_HOME%\tools;C:\Users\csdc\AppData\Local\Microsoft\WindowsApps;D:\Program Files\Git\cmd;D:\program files\MongoDB\Server\3.2\bin;D:\program files\zookeeper-3.4.12\zookeeper-3.4.12\bin;C:\Users\csdc\AppData\Local\Microsoft\WindowsApps;;.] 
2019-03-19 08:40:54.491 INFO  --- [main] o.a.c.c.C.[Tomcat].[localhost].[/] : Initializing Spring embedded WebApplicationContext 
2019-03-19 08:40:54.491 INFO  --- [main] o.s.web.context.ContextLoader : Root WebApplicationContext: initialization completed in 1442 ms 
2019-03-19 08:40:55.240 INFO  --- [main] o.s.s.c.ThreadPoolTaskExecutor : Initializing ExecutorService 'applicationTaskExecutor' 
2019-03-19 08:40:55.359 INFO  --- [main] c.a.d.c.s.b.f.a.DubboConfigBindingBeanPostProcessor : The properties of bean [name : com.alibaba.dubbo.config.ApplicationConfig#0] have been binding by prefix of configuration properties : dubbo.application 
2019-03-19 08:40:55.364 INFO  --- [main] c.a.d.c.s.b.f.a.DubboConfigBindingBeanPostProcessor : The properties of bean [name : com.alibaba.dubbo.config.RegistryConfig#0] have been binding by prefix of configuration properties : dubbo.registry 
2019-03-19 08:40:55.369 INFO  --- [main] c.a.d.c.s.b.f.a.DubboConfigBindingBeanPostProcessor : The properties of bean [name : com.alibaba.dubbo.config.ProtocolConfig#0] have been binding by prefix of configuration properties : dubbo.protocol 
2019-03-19 08:40:55.772 INFO  --- [main] o.s.s.c.ThreadPoolTaskScheduler : Initializing ExecutorService 'taskScheduler' 
2019-03-19 08:40:55.908 INFO  --- [main] o.s.b.w.e.tomcat.TomcatWebServer : Tomcat initialized with port(s): 9999 (http) 
2019-03-19 08:40:55.909 INFO  --- [main] o.a.catalina.core.StandardService : Starting service [Tomcat] 
2019-03-19 08:40:55.910 INFO  --- [main] o.a.catalina.core.StandardEngine : Starting Servlet engine: [Apache Tomcat/9.0.16] 
2019-03-19 08:40:55.931 INFO  --- [main] o.a.c.c.C.[Tomcat-1].[localhost].[/] : Initializing Spring embedded WebApplicationContext 
2019-03-19 08:40:55.931 INFO  --- [main] o.s.web.context.ContextLoader : Root WebApplicationContext: initialization completed in 87 ms 
2019-03-19 08:40:55.946 INFO  --- [main] o.s.b.a.e.web.EndpointLinksResolver : Exposing 2 endpoint(s) beneath base path '/actuator' 
2019-03-19 08:40:56.003 ERROR --- [main] o.apache.catalina.util.LifecycleBase : Failed to start component [Connector[HTTP/1.1-9999]] 
org.apache.catalina.LifecycleException: Protocol handler start failed
	at org.apache.catalina.connector.Connector.startInternal(Connector.java:1008)
	at org.apache.catalina.util.LifecycleBase.start(LifecycleBase.java:183)
	at org.apache.catalina.core.StandardService.addConnector(StandardService.java:226)
	at org.springframework.boot.web.embedded.tomcat.TomcatWebServer.addPreviouslyRemovedConnectors(TomcatWebServer.java:259)
	at org.springframework.boot.web.embedded.tomcat.TomcatWebServer.start(TomcatWebServer.java:197)
	at org.springframework.boot.web.servlet.context.ServletWebServerApplicationContext.startWebServer(ServletWebServerApplicationContext.java:311)
	at org.springframework.boot.web.servlet.context.ServletWebServerApplicationContext.finishRefresh(ServletWebServerApplicationContext.java:164)
	at org.springframework.context.support.AbstractApplicationContext.refresh(AbstractApplicationContext.java:552)
	at org.springframework.boot.web.servlet.context.ServletWebServerApplicationContext.refresh(ServletWebServerApplicationContext.java:142)
	at org.springframework.boot.actuate.autoconfigure.web.server.ManagementContextAutoConfiguration$DifferentManagementContextConfiguration.afterSingletonsInstantiated(ManagementContextAutoConfiguration.java:151)
	at org.springframework.beans.factory.support.DefaultListableBeanFactory.preInstantiateSingletons(DefaultListableBeanFactory.java:866)
	at org.springframework.context.support.AbstractApplicationContext.finishBeanFactoryInitialization(AbstractApplicationContext.java:877)
	at org.springframework.context.support.AbstractApplicationContext.refresh(AbstractApplicationContext.java:549)
	at org.springframework.boot.web.servlet.context.ServletWebServerApplicationContext.refresh(ServletWebServerApplicationContext.java:142)
	at org.springframework.boot.SpringApplication.refresh(SpringApplication.java:775)
	at org.springframework.boot.SpringApplication.refreshContext(SpringApplication.java:397)
	at org.springframework.boot.SpringApplication.run(SpringApplication.java:316)
	at org.springframework.boot.SpringApplication.run(SpringApplication.java:1260)
	at org.springframework.boot.SpringApplication.run(SpringApplication.java:1248)
	at com.csdc.TlabelApplication.main(TlabelApplication.java:14)
Caused by: java.net.BindException: Address already in use: bind
	at sun.nio.ch.Net.bind0(Native Method)
	at sun.nio.ch.Net.bind(Net.java:433)
	at sun.nio.ch.Net.bind(Net.java:425)
	at sun.nio.ch.ServerSocketChannelImpl.bind(ServerSocketChannelImpl.java:223)
	at sun.nio.ch.ServerSocketAdaptor.bind(ServerSocketAdaptor.java:74)
	at org.apache.tomcat.util.net.NioEndpoint.initServerSocket(NioEndpoint.java:236)
	at org.apache.tomcat.util.net.NioEndpoint.bind(NioEndpoint.java:210)
	at org.apache.tomcat.util.net.AbstractEndpoint.bindWithCleanup(AbstractEndpoint.java:1085)
	at org.apache.tomcat.util.net.AbstractEndpoint.start(AbstractEndpoint.java:1171)
	at org.apache.coyote.AbstractProtocol.start(AbstractProtocol.java:568)
	at org.apache.catalina.connector.Connector.startInternal(Connector.java:1005)
	... 19 common frames omitted
2019-03-19 08:40:56.008 INFO  --- [main] o.a.catalina.core.StandardService : Stopping service [Tomcat] 
2019-03-19 08:40:56.024 INFO  --- [main] o.a.catalina.core.StandardService : Stopping service [Tomcat] 
2019-03-19 08:40:56.036 INFO  --- [main] o.s.b.a.l.ConditionEvaluationReportLoggingListener : 

Error starting ApplicationContext. To display the conditions report re-run your application with 'debug' enabled. 
2019-03-19 08:40:56.043 ERROR --- [main] o.s.b.d.LoggingFailureAnalysisReporter : 

***************************
APPLICATION FAILED TO START
***************************

Description:

The Tomcat connector configured to listen on port 9999 failed to start. The port may already be in use or the connector may be misconfigured.

Action:

Verify the connector's configuration, identify and stop any process that's listening on port 9999, or configure this application to listen on another port.
 
2019-03-19 08:40:56.044 INFO  --- [main] o.s.s.c.ThreadPoolTaskScheduler : Shutting down ExecutorService 'taskScheduler' 
2019-03-19 08:40:56.046 INFO  --- [main] o.s.s.c.ThreadPoolTaskExecutor : Shutting down ExecutorService 'applicationTaskExecutor' 
2019-03-19 08:40:56.048 INFO  --- [main] c.a.d.c.s.b.f.a.ReferenceAnnotationBeanPostProcessor : class com.alibaba.dubbo.config.spring.beans.factory.annotation.ReferenceAnnotationBeanPostProcessor was destroying! 
2019-03-19 08:40:56.051 INFO  --- [DubboShutdownHook] c.a.dubbo.config.AbstractConfig :  [DUBBO] Run shutdown hook now., dubbo version: 2.6.2, current host: 192.168.88.11 
2019-03-19 08:40:56.052 INFO  --- [DubboShutdownHook] c.a.d.r.s.AbstractRegistryFactory :  [DUBBO] Close all registries [], dubbo version: 2.6.2, current host: 192.168.88.11 
2019-03-19 09:49:28.193 INFO  --- [main] c.a.d.common.logger.LoggerFactory : using logger: com.alibaba.dubbo.common.logger.slf4j.Slf4jLoggerAdapter 
2019-03-19 09:49:28.197 INFO  --- [main] c.a.b.d.c.e.WelcomeLogoApplicationListener : 

 :: Dubbo Spring Boot (v0.2.0) : https://github.com/apache/incubator-dubbo-spring-boot-project
 :: Dubbo (v2.6.2) : https://github.com/apache/incubator-dubbo
 :: Google group : dev@dubbo.incubator.apache.org
 
2019-03-19 09:49:28.200 INFO  --- [main] c.a.b.d.c.e.OverrideDubboConfigApplicationListener : Dubbo Config was overridden by externalized configuration {dubbo.application.name=tpva, dubbo.protocol.name=dubbo, dubbo.protocol.port=12345, dubbo.protocol.threads=10, dubbo.registry.address=192.168.88.97:30000, dubbo.registry.protocol=zookeeper, dubbo.registry.timeout=30000} 
2019-03-19 09:49:28.265 INFO  --- [main] com.csdc.TlabelApplication : Starting TlabelApplication on csdc-PC with PID 14768 (E:\projects\tlabel\tlabel_service\target\classes started by csdc in E:\projects\tlabel) 
2019-03-19 09:49:28.265 INFO  --- [main] com.csdc.TlabelApplication : No active profile set, falling back to default profiles: default 
2019-03-19 09:49:28.802 INFO  --- [main] c.a.d.c.s.c.a.DubboConfigBindingRegistrar : The dubbo config bean definition [name : com.alibaba.dubbo.config.ApplicationConfig#0, class : com.alibaba.dubbo.config.ApplicationConfig] has been registered. 
2019-03-19 09:49:28.803 INFO  --- [main] c.a.d.c.s.c.a.DubboConfigBindingRegistrar : The BeanPostProcessor bean definition [com.alibaba.dubbo.config.spring.beans.factory.annotation.DubboConfigBindingBeanPostProcessor] for dubbo config bean [name : com.alibaba.dubbo.config.ApplicationConfig#0] has been registered. 
2019-03-19 09:49:28.803 INFO  --- [main] c.a.d.c.s.c.a.DubboConfigBindingRegistrar : The dubbo config bean definition [name : com.alibaba.dubbo.config.RegistryConfig#0, class : com.alibaba.dubbo.config.RegistryConfig] has been registered. 
2019-03-19 09:49:28.803 INFO  --- [main] c.a.d.c.s.c.a.DubboConfigBindingRegistrar : The BeanPostProcessor bean definition [com.alibaba.dubbo.config.spring.beans.factory.annotation.DubboConfigBindingBeanPostProcessor] for dubbo config bean [name : com.alibaba.dubbo.config.RegistryConfig#0] has been registered. 
2019-03-19 09:49:28.804 INFO  --- [main] c.a.d.c.s.c.a.DubboConfigBindingRegistrar : The dubbo config bean definition [name : com.alibaba.dubbo.config.ProtocolConfig#0, class : com.alibaba.dubbo.config.ProtocolConfig] has been registered. 
2019-03-19 09:49:28.804 INFO  --- [main] c.a.d.c.s.c.a.DubboConfigBindingRegistrar : The BeanPostProcessor bean definition [com.alibaba.dubbo.config.spring.beans.factory.annotation.DubboConfigBindingBeanPostProcessor] for dubbo config bean [name : com.alibaba.dubbo.config.ProtocolConfig#0] has been registered. 
2019-03-19 09:49:29.084 INFO  --- [main] o.s.c.s.PostProcessorRegistrationDelegate$BeanPostProcessorChecker : Bean 'com.alibaba.boot.dubbo.autoconfigure.DubboAutoConfiguration' of type [com.alibaba.boot.dubbo.autoconfigure.DubboAutoConfiguration$$EnhancerBySpringCGLIB$$caafe4d2] is not eligible for getting processed by all BeanPostProcessors (for example: not eligible for auto-proxying) 
2019-03-19 09:49:29.168 INFO  --- [main] o.s.c.s.PostProcessorRegistrationDelegate$BeanPostProcessorChecker : Bean 'relaxedDubboConfigBinder' of type [com.alibaba.boot.dubbo.autoconfigure.RelaxedDubboConfigBinder] is not eligible for getting processed by all BeanPostProcessors (for example: not eligible for auto-proxying) 
2019-03-19 09:49:29.177 INFO  --- [main] o.s.c.s.PostProcessorRegistrationDelegate$BeanPostProcessorChecker : Bean 'org.springframework.transaction.annotation.ProxyTransactionManagementConfiguration' of type [org.springframework.transaction.annotation.ProxyTransactionManagementConfiguration$$EnhancerBySpringCGLIB$$bbae3f60] is not eligible for getting processed by all BeanPostProcessors (for example: not eligible for auto-proxying) 
2019-03-19 09:49:29.200 INFO  --- [main] o.s.c.s.PostProcessorRegistrationDelegate$BeanPostProcessorChecker : Bean 'relaxedDubboConfigBinder' of type [com.alibaba.boot.dubbo.autoconfigure.RelaxedDubboConfigBinder] is not eligible for getting processed by all BeanPostProcessors (for example: not eligible for auto-proxying) 
2019-03-19 09:49:29.202 INFO  --- [main] o.s.c.s.PostProcessorRegistrationDelegate$BeanPostProcessorChecker : Bean 'relaxedDubboConfigBinder' of type [com.alibaba.boot.dubbo.autoconfigure.RelaxedDubboConfigBinder] is not eligible for getting processed by all BeanPostProcessors (for example: not eligible for auto-proxying) 
2019-03-19 09:49:29.475 INFO  --- [main] o.s.b.w.e.tomcat.TomcatWebServer : Tomcat initialized with port(s): 8080 (http) 
2019-03-19 09:49:29.491 INFO  --- [main] o.a.catalina.core.StandardService : Starting service [Tomcat] 
2019-03-19 09:49:29.491 INFO  --- [main] o.a.catalina.core.StandardEngine : Starting Servlet engine: [Apache Tomcat/9.0.16] 
2019-03-19 09:49:29.497 INFO  --- [main] o.a.c.core.AprLifecycleListener : The APR based Apache Tomcat Native library which allows optimal performance in production environments was not found on the java.library.path: [C:\Java\jdk1.8.0_101\bin;C:\WINDOWS\Sun\Java\bin;C:\WINDOWS\system32;C:\WINDOWS;c:\gtk\bin;C:\Program Files (x86)\Common Files\Oracle\Java\javapath;C:\windows\system32;C:\windows;C:\windows\System32\Wbem;C:\windows\System32\WindowsPowerShell\v1.0\;C:\Program Files (x86)\NVIDIA Corporation\PhysX\Common;C:\WINDOWS\system32;C:\WINDOWS;C:\WINDOWS\System32\Wbem;C:\WINDOWS\System32\WindowsPowerShell\v1.0\;C:\WINDOWS\System32\OpenSSH\;C:\Program Files\MySQL\MySQL Server 8.0\bin;C:\Program Files\TortoiseSVN\bin;C:\Program Files\MySQL\MySQL Server 5.7\bin;D:\program files\apache-maven\bin;D:\gradle-4.8.1\bin;C:\Java\jdk-10.0.1\bin;%JRE_HOME%;D:\program files\Tomcat\apache-tomcat-7.0.90\apache-tomcat-7.0.90\bin;%ANDROID_SDK_HOME%\platform-tools;%ANDROID_SDK_HOME%\tools;C:\Users\csdc\AppData\Local\Microsoft\WindowsApps;D:\Program Files\Git\cmd;D:\program files\MongoDB\Server\3.2\bin;D:\program files\zookeeper-3.4.12\zookeeper-3.4.12\bin;C:\Users\csdc\AppData\Local\Microsoft\WindowsApps;;.] 
2019-03-19 09:49:29.584 INFO  --- [main] o.a.c.c.C.[Tomcat].[localhost].[/] : Initializing Spring embedded WebApplicationContext 
2019-03-19 09:49:29.585 INFO  --- [main] o.s.web.context.ContextLoader : Root WebApplicationContext: initialization completed in 1279 ms 
2019-03-19 09:49:30.368 INFO  --- [main] o.s.s.c.ThreadPoolTaskExecutor : Initializing ExecutorService 'applicationTaskExecutor' 
2019-03-19 09:49:30.489 INFO  --- [main] c.a.d.c.s.b.f.a.DubboConfigBindingBeanPostProcessor : The properties of bean [name : com.alibaba.dubbo.config.ApplicationConfig#0] have been binding by prefix of configuration properties : dubbo.application 
2019-03-19 09:49:30.494 INFO  --- [main] c.a.d.c.s.b.f.a.DubboConfigBindingBeanPostProcessor : The properties of bean [name : com.alibaba.dubbo.config.RegistryConfig#0] have been binding by prefix of configuration properties : dubbo.registry 
2019-03-19 09:49:30.499 INFO  --- [main] c.a.d.c.s.b.f.a.DubboConfigBindingBeanPostProcessor : The properties of bean [name : com.alibaba.dubbo.config.ProtocolConfig#0] have been binding by prefix of configuration properties : dubbo.protocol 
2019-03-19 09:49:30.921 INFO  --- [main] o.s.s.c.ThreadPoolTaskScheduler : Initializing ExecutorService 'taskScheduler' 
2019-03-19 09:49:31.047 INFO  --- [main] o.s.b.w.e.tomcat.TomcatWebServer : Tomcat initialized with port(s): 9999 (http) 
2019-03-19 09:49:31.049 INFO  --- [main] o.a.catalina.core.StandardService : Starting service [Tomcat] 
2019-03-19 09:49:31.049 INFO  --- [main] o.a.catalina.core.StandardEngine : Starting Servlet engine: [Apache Tomcat/9.0.16] 
2019-03-19 09:49:31.069 INFO  --- [main] o.a.c.c.C.[Tomcat-1].[localhost].[/] : Initializing Spring embedded WebApplicationContext 
2019-03-19 09:49:31.069 INFO  --- [main] o.s.web.context.ContextLoader : Root WebApplicationContext: initialization completed in 85 ms 
2019-03-19 09:49:31.086 INFO  --- [main] o.s.b.a.e.web.EndpointLinksResolver : Exposing 2 endpoint(s) beneath base path '/actuator' 
2019-03-19 09:49:31.148 INFO  --- [main] o.s.b.w.e.tomcat.TomcatWebServer : Tomcat started on port(s): 9999 (http) with context path '' 
2019-03-19 09:49:31.164 INFO  --- [main] o.s.b.w.e.tomcat.TomcatWebServer : Tomcat started on port(s): 8080 (http) with context path '' 
2019-03-19 09:49:31.165 INFO  --- [main] com.csdc.TlabelApplication : Started TlabelApplication in 3.288 seconds (JVM running for 4.053) 
2019-03-19 09:49:32.784 INFO  --- [RMI TCP Connection(2)-127.0.0.1] o.a.c.c.C.[Tomcat].[localhost].[/] : Initializing Spring DispatcherServlet 'dispatcherServlet' 
2019-03-19 09:49:32.785 INFO  --- [RMI TCP Connection(2)-127.0.0.1] o.s.web.servlet.DispatcherServlet : Initializing Servlet 'dispatcherServlet' 
2019-03-19 09:49:32.801 INFO  --- [RMI TCP Connection(2)-127.0.0.1] o.s.web.servlet.DispatcherServlet : Completed initialization in 15 ms 
2019-03-19 09:49:33.154 INFO  --- [RMI TCP Connection(5)-127.0.0.1] c.alibaba.druid.pool.DruidDataSource : {dataSource-1} inited 
2019-03-19 09:57:35.635 INFO  --- [main] c.a.d.common.logger.LoggerFactory : using logger: com.alibaba.dubbo.common.logger.slf4j.Slf4jLoggerAdapter 
2019-03-19 09:57:35.639 INFO  --- [main] c.a.b.d.c.e.WelcomeLogoApplicationListener : 

 :: Dubbo Spring Boot (v0.2.0) : https://github.com/apache/incubator-dubbo-spring-boot-project
 :: Dubbo (v2.6.2) : https://github.com/apache/incubator-dubbo
 :: Google group : dev@dubbo.incubator.apache.org
 
2019-03-19 09:57:35.641 INFO  --- [main] c.a.b.d.c.e.OverrideDubboConfigApplicationListener : Dubbo Config was overridden by externalized configuration {dubbo.application.name=tpva, dubbo.protocol.name=dubbo, dubbo.protocol.port=12345, dubbo.protocol.threads=10, dubbo.registry.address=192.168.88.97:30000, dubbo.registry.protocol=zookeeper, dubbo.registry.timeout=30000} 
2019-03-19 09:57:35.750 INFO  --- [main] com.csdc.TlabelApplication : Starting TlabelApplication on csdc-PC with PID 14668 (E:\projects\tlabel\tlabel_service\target\classes started by csdc in E:\projects\tlabel) 
2019-03-19 09:57:35.751 INFO  --- [main] com.csdc.TlabelApplication : No active profile set, falling back to default profiles: default 
2019-03-19 09:57:36.465 INFO  --- [main] c.a.d.c.s.c.a.DubboConfigBindingRegistrar : The dubbo config bean definition [name : com.alibaba.dubbo.config.ApplicationConfig#0, class : com.alibaba.dubbo.config.ApplicationConfig] has been registered. 
2019-03-19 09:57:36.466 INFO  --- [main] c.a.d.c.s.c.a.DubboConfigBindingRegistrar : The BeanPostProcessor bean definition [com.alibaba.dubbo.config.spring.beans.factory.annotation.DubboConfigBindingBeanPostProcessor] for dubbo config bean [name : com.alibaba.dubbo.config.ApplicationConfig#0] has been registered. 
2019-03-19 09:57:36.466 INFO  --- [main] c.a.d.c.s.c.a.DubboConfigBindingRegistrar : The dubbo config bean definition [name : com.alibaba.dubbo.config.RegistryConfig#0, class : com.alibaba.dubbo.config.RegistryConfig] has been registered. 
2019-03-19 09:57:36.467 INFO  --- [main] c.a.d.c.s.c.a.DubboConfigBindingRegistrar : The BeanPostProcessor bean definition [com.alibaba.dubbo.config.spring.beans.factory.annotation.DubboConfigBindingBeanPostProcessor] for dubbo config bean [name : com.alibaba.dubbo.config.RegistryConfig#0] has been registered. 
2019-03-19 09:57:36.467 INFO  --- [main] c.a.d.c.s.c.a.DubboConfigBindingRegistrar : The dubbo config bean definition [name : com.alibaba.dubbo.config.ProtocolConfig#0, class : com.alibaba.dubbo.config.ProtocolConfig] has been registered. 
2019-03-19 09:57:36.467 INFO  --- [main] c.a.d.c.s.c.a.DubboConfigBindingRegistrar : The BeanPostProcessor bean definition [com.alibaba.dubbo.config.spring.beans.factory.annotation.DubboConfigBindingBeanPostProcessor] for dubbo config bean [name : com.alibaba.dubbo.config.ProtocolConfig#0] has been registered. 
2019-03-19 09:57:36.737 INFO  --- [main] o.s.c.s.PostProcessorRegistrationDelegate$BeanPostProcessorChecker : Bean 'com.alibaba.boot.dubbo.autoconfigure.DubboAutoConfiguration' of type [com.alibaba.boot.dubbo.autoconfigure.DubboAutoConfiguration$$EnhancerBySpringCGLIB$$f5da7007] is not eligible for getting processed by all BeanPostProcessors (for example: not eligible for auto-proxying) 
2019-03-19 09:57:36.844 INFO  --- [main] o.s.c.s.PostProcessorRegistrationDelegate$BeanPostProcessorChecker : Bean 'relaxedDubboConfigBinder' of type [com.alibaba.boot.dubbo.autoconfigure.RelaxedDubboConfigBinder] is not eligible for getting processed by all BeanPostProcessors (for example: not eligible for auto-proxying) 
2019-03-19 09:57:36.855 INFO  --- [main] o.s.c.s.PostProcessorRegistrationDelegate$BeanPostProcessorChecker : Bean 'org.springframework.transaction.annotation.ProxyTransactionManagementConfiguration' of type [org.springframework.transaction.annotation.ProxyTransactionManagementConfiguration$$EnhancerBySpringCGLIB$$e6d8ca95] is not eligible for getting processed by all BeanPostProcessors (for example: not eligible for auto-proxying) 
2019-03-19 09:57:36.886 INFO  --- [main] o.s.c.s.PostProcessorRegistrationDelegate$BeanPostProcessorChecker : Bean 'relaxedDubboConfigBinder' of type [com.alibaba.boot.dubbo.autoconfigure.RelaxedDubboConfigBinder] is not eligible for getting processed by all BeanPostProcessors (for example: not eligible for auto-proxying) 
2019-03-19 09:57:36.888 INFO  --- [main] o.s.c.s.PostProcessorRegistrationDelegate$BeanPostProcessorChecker : Bean 'relaxedDubboConfigBinder' of type [com.alibaba.boot.dubbo.autoconfigure.RelaxedDubboConfigBinder] is not eligible for getting processed by all BeanPostProcessors (for example: not eligible for auto-proxying) 
2019-03-19 09:57:37.163 INFO  --- [main] o.s.b.w.e.tomcat.TomcatWebServer : Tomcat initialized with port(s): 8080 (http) 
2019-03-19 09:57:37.179 INFO  --- [main] o.a.catalina.core.StandardService : Starting service [Tomcat] 
2019-03-19 09:57:37.179 INFO  --- [main] o.a.catalina.core.StandardEngine : Starting Servlet engine: [Apache Tomcat/9.0.16] 
2019-03-19 09:57:37.184 INFO  --- [main] o.a.c.core.AprLifecycleListener : The APR based Apache Tomcat Native library which allows optimal performance in production environments was not found on the java.library.path: [C:\Java\jdk1.8.0_101\bin;C:\WINDOWS\Sun\Java\bin;C:\WINDOWS\system32;C:\WINDOWS;c:\gtk\bin;C:\Program Files (x86)\Common Files\Oracle\Java\javapath;C:\windows\system32;C:\windows;C:\windows\System32\Wbem;C:\windows\System32\WindowsPowerShell\v1.0\;C:\Program Files (x86)\NVIDIA Corporation\PhysX\Common;C:\WINDOWS\system32;C:\WINDOWS;C:\WINDOWS\System32\Wbem;C:\WINDOWS\System32\WindowsPowerShell\v1.0\;C:\WINDOWS\System32\OpenSSH\;C:\Program Files\MySQL\MySQL Server 8.0\bin;C:\Program Files\TortoiseSVN\bin;C:\Program Files\MySQL\MySQL Server 5.7\bin;D:\program files\apache-maven\bin;D:\gradle-4.8.1\bin;C:\Java\jdk-10.0.1\bin;%JRE_HOME%;D:\program files\Tomcat\apache-tomcat-7.0.90\apache-tomcat-7.0.90\bin;%ANDROID_SDK_HOME%\platform-tools;%ANDROID_SDK_HOME%\tools;C:\Users\csdc\AppData\Local\Microsoft\WindowsApps;D:\Program Files\Git\cmd;D:\program files\MongoDB\Server\3.2\bin;D:\program files\zookeeper-3.4.12\zookeeper-3.4.12\bin;C:\Users\csdc\AppData\Local\Microsoft\WindowsApps;;.] 
2019-03-19 09:57:37.264 INFO  --- [main] o.a.c.c.C.[Tomcat].[localhost].[/] : Initializing Spring embedded WebApplicationContext 
2019-03-19 09:57:37.264 INFO  --- [main] o.s.web.context.ContextLoader : Root WebApplicationContext: initialization completed in 1416 ms 
2019-03-19 09:57:38.031 INFO  --- [main] o.s.s.c.ThreadPoolTaskExecutor : Initializing ExecutorService 'applicationTaskExecutor' 
2019-03-19 09:57:38.148 INFO  --- [main] c.a.d.c.s.b.f.a.DubboConfigBindingBeanPostProcessor : The properties of bean [name : com.alibaba.dubbo.config.ApplicationConfig#0] have been binding by prefix of configuration properties : dubbo.application 
2019-03-19 09:57:38.152 INFO  --- [main] c.a.d.c.s.b.f.a.DubboConfigBindingBeanPostProcessor : The properties of bean [name : com.alibaba.dubbo.config.RegistryConfig#0] have been binding by prefix of configuration properties : dubbo.registry 
2019-03-19 09:57:38.156 INFO  --- [main] c.a.d.c.s.b.f.a.DubboConfigBindingBeanPostProcessor : The properties of bean [name : com.alibaba.dubbo.config.ProtocolConfig#0] have been binding by prefix of configuration properties : dubbo.protocol 
2019-03-19 09:57:38.537 INFO  --- [main] o.s.s.c.ThreadPoolTaskScheduler : Initializing ExecutorService 'taskScheduler' 
2019-03-19 09:57:38.663 INFO  --- [main] o.s.b.w.e.tomcat.TomcatWebServer : Tomcat initialized with port(s): 9999 (http) 
2019-03-19 09:57:38.664 INFO  --- [main] o.a.catalina.core.StandardService : Starting service [Tomcat] 
2019-03-19 09:57:38.665 INFO  --- [main] o.a.catalina.core.StandardEngine : Starting Servlet engine: [Apache Tomcat/9.0.16] 
2019-03-19 09:57:38.684 INFO  --- [main] o.a.c.c.C.[Tomcat-1].[localhost].[/] : Initializing Spring embedded WebApplicationContext 
2019-03-19 09:57:38.684 INFO  --- [main] o.s.web.context.ContextLoader : Root WebApplicationContext: initialization completed in 85 ms 
2019-03-19 09:57:38.700 INFO  --- [main] o.s.b.a.e.web.EndpointLinksResolver : Exposing 2 endpoint(s) beneath base path '/actuator' 
2019-03-19 09:57:38.757 INFO  --- [main] o.s.b.w.e.tomcat.TomcatWebServer : Tomcat started on port(s): 9999 (http) with context path '' 
2019-03-19 09:57:38.774 INFO  --- [main] o.s.b.w.e.tomcat.TomcatWebServer : Tomcat started on port(s): 8080 (http) with context path '' 
2019-03-19 09:57:38.775 INFO  --- [main] com.csdc.TlabelApplication : Started TlabelApplication in 3.584 seconds (JVM running for 4.237) 
2019-03-19 09:57:40.054 INFO  --- [RMI TCP Connection(6)-127.0.0.1] o.a.c.c.C.[Tomcat].[localhost].[/] : Initializing Spring DispatcherServlet 'dispatcherServlet' 
2019-03-19 09:57:40.055 INFO  --- [RMI TCP Connection(6)-127.0.0.1] o.s.web.servlet.DispatcherServlet : Initializing Servlet 'dispatcherServlet' 
2019-03-19 09:57:40.067 INFO  --- [RMI TCP Connection(6)-127.0.0.1] o.s.web.servlet.DispatcherServlet : Completed initialization in 12 ms 
2019-03-19 09:57:40.405 INFO  --- [RMI TCP Connection(2)-127.0.0.1] c.alibaba.druid.pool.DruidDataSource : {dataSource-1} inited 
2019-03-19 10:40:49.665 INFO  --- [main] c.a.d.common.logger.LoggerFactory : using logger: com.alibaba.dubbo.common.logger.slf4j.Slf4jLoggerAdapter 
2019-03-19 10:40:49.668 INFO  --- [main] c.a.b.d.c.e.WelcomeLogoApplicationListener : 

 :: Dubbo Spring Boot (v0.2.0) : https://github.com/apache/incubator-dubbo-spring-boot-project
 :: Dubbo (v2.6.2) : https://github.com/apache/incubator-dubbo
 :: Google group : dev@dubbo.incubator.apache.org
 
2019-03-19 10:40:49.670 INFO  --- [main] c.a.b.d.c.e.OverrideDubboConfigApplicationListener : Dubbo Config was overridden by externalized configuration {dubbo.application.name=tpva, dubbo.protocol.name=dubbo, dubbo.protocol.port=12345, dubbo.protocol.threads=10, dubbo.registry.address=192.168.88.97:30000, dubbo.registry.protocol=zookeeper, dubbo.registry.timeout=30000} 
2019-03-19 10:40:49.729 INFO  --- [main] com.csdc.TlabelApplication : Starting TlabelApplication on csdc-PC with PID 17668 (E:\projects\tlabel\tlabel_service\target\classes started by csdc in E:\projects\tlabel) 
2019-03-19 10:40:49.729 INFO  --- [main] com.csdc.TlabelApplication : No active profile set, falling back to default profiles: default 
2019-03-19 10:40:50.205 INFO  --- [main] c.a.d.c.s.c.a.DubboConfigBindingRegistrar : The dubbo config bean definition [name : com.alibaba.dubbo.config.ApplicationConfig#0, class : com.alibaba.dubbo.config.ApplicationConfig] has been registered. 
2019-03-19 10:40:50.205 INFO  --- [main] c.a.d.c.s.c.a.DubboConfigBindingRegistrar : The BeanPostProcessor bean definition [com.alibaba.dubbo.config.spring.beans.factory.annotation.DubboConfigBindingBeanPostProcessor] for dubbo config bean [name : com.alibaba.dubbo.config.ApplicationConfig#0] has been registered. 
2019-03-19 10:40:50.206 INFO  --- [main] c.a.d.c.s.c.a.DubboConfigBindingRegistrar : The dubbo config bean definition [name : com.alibaba.dubbo.config.RegistryConfig#0, class : com.alibaba.dubbo.config.RegistryConfig] has been registered. 
2019-03-19 10:40:50.206 INFO  --- [main] c.a.d.c.s.c.a.DubboConfigBindingRegistrar : The BeanPostProcessor bean definition [com.alibaba.dubbo.config.spring.beans.factory.annotation.DubboConfigBindingBeanPostProcessor] for dubbo config bean [name : com.alibaba.dubbo.config.RegistryConfig#0] has been registered. 
2019-03-19 10:40:50.206 INFO  --- [main] c.a.d.c.s.c.a.DubboConfigBindingRegistrar : The dubbo config bean definition [name : com.alibaba.dubbo.config.ProtocolConfig#0, class : com.alibaba.dubbo.config.ProtocolConfig] has been registered. 
2019-03-19 10:40:50.206 INFO  --- [main] c.a.d.c.s.c.a.DubboConfigBindingRegistrar : The BeanPostProcessor bean definition [com.alibaba.dubbo.config.spring.beans.factory.annotation.DubboConfigBindingBeanPostProcessor] for dubbo config bean [name : com.alibaba.dubbo.config.ProtocolConfig#0] has been registered. 
2019-03-19 10:40:50.480 INFO  --- [main] o.s.c.s.PostProcessorRegistrationDelegate$BeanPostProcessorChecker : Bean 'com.alibaba.boot.dubbo.autoconfigure.DubboAutoConfiguration' of type [com.alibaba.boot.dubbo.autoconfigure.DubboAutoConfiguration$$EnhancerBySpringCGLIB$$43ad179d] is not eligible for getting processed by all BeanPostProcessors (for example: not eligible for auto-proxying) 
2019-03-19 10:40:50.555 INFO  --- [main] o.s.c.s.PostProcessorRegistrationDelegate$BeanPostProcessorChecker : Bean 'relaxedDubboConfigBinder' of type [com.alibaba.boot.dubbo.autoconfigure.RelaxedDubboConfigBinder] is not eligible for getting processed by all BeanPostProcessors (for example: not eligible for auto-proxying) 
2019-03-19 10:40:50.564 INFO  --- [main] o.s.c.s.PostProcessorRegistrationDelegate$BeanPostProcessorChecker : Bean 'org.springframework.transaction.annotation.ProxyTransactionManagementConfiguration' of type [org.springframework.transaction.annotation.ProxyTransactionManagementConfiguration$$EnhancerBySpringCGLIB$$34ab722b] is not eligible for getting processed by all BeanPostProcessors (for example: not eligible for auto-proxying) 
2019-03-19 10:40:50.588 INFO  --- [main] o.s.c.s.PostProcessorRegistrationDelegate$BeanPostProcessorChecker : Bean 'relaxedDubboConfigBinder' of type [com.alibaba.boot.dubbo.autoconfigure.RelaxedDubboConfigBinder] is not eligible for getting processed by all BeanPostProcessors (for example: not eligible for auto-proxying) 
2019-03-19 10:40:50.589 INFO  --- [main] o.s.c.s.PostProcessorRegistrationDelegate$BeanPostProcessorChecker : Bean 'relaxedDubboConfigBinder' of type [com.alibaba.boot.dubbo.autoconfigure.RelaxedDubboConfigBinder] is not eligible for getting processed by all BeanPostProcessors (for example: not eligible for auto-proxying) 
2019-03-19 10:40:50.874 INFO  --- [main] o.s.b.w.e.tomcat.TomcatWebServer : Tomcat initialized with port(s): 8080 (http) 
2019-03-19 10:40:50.891 INFO  --- [main] o.a.catalina.core.StandardService : Starting service [Tomcat] 
2019-03-19 10:40:50.891 INFO  --- [main] o.a.catalina.core.StandardEngine : Starting Servlet engine: [Apache Tomcat/9.0.16] 
2019-03-19 10:40:50.896 INFO  --- [main] o.a.c.core.AprLifecycleListener : The APR based Apache Tomcat Native library which allows optimal performance in production environments was not found on the java.library.path: [C:\Java\jdk1.8.0_101\bin;C:\WINDOWS\Sun\Java\bin;C:\WINDOWS\system32;C:\WINDOWS;c:\gtk\bin;C:\Program Files (x86)\Common Files\Oracle\Java\javapath;C:\windows\system32;C:\windows;C:\windows\System32\Wbem;C:\windows\System32\WindowsPowerShell\v1.0\;C:\Program Files (x86)\NVIDIA Corporation\PhysX\Common;C:\WINDOWS\system32;C:\WINDOWS;C:\WINDOWS\System32\Wbem;C:\WINDOWS\System32\WindowsPowerShell\v1.0\;C:\WINDOWS\System32\OpenSSH\;C:\Program Files\MySQL\MySQL Server 8.0\bin;C:\Program Files\TortoiseSVN\bin;C:\Program Files\MySQL\MySQL Server 5.7\bin;D:\program files\apache-maven\bin;D:\gradle-4.8.1\bin;C:\Java\jdk-10.0.1\bin;%JRE_HOME%;D:\program files\Tomcat\apache-tomcat-7.0.90\apache-tomcat-7.0.90\bin;%ANDROID_SDK_HOME%\platform-tools;%ANDROID_SDK_HOME%\tools;C:\Users\csdc\AppData\Local\Microsoft\WindowsApps;D:\Program Files\Git\cmd;D:\program files\MongoDB\Server\3.2\bin;D:\program files\zookeeper-3.4.12\zookeeper-3.4.12\bin;C:\Users\csdc\AppData\Local\Microsoft\WindowsApps;;.] 
2019-03-19 10:40:50.982 INFO  --- [main] o.a.c.c.C.[Tomcat].[localhost].[/] : Initializing Spring embedded WebApplicationContext 
2019-03-19 10:40:50.982 INFO  --- [main] o.s.web.context.ContextLoader : Root WebApplicationContext: initialization completed in 1174 ms 
2019-03-19 10:40:51.778 INFO  --- [main] o.s.s.c.ThreadPoolTaskExecutor : Initializing ExecutorService 'applicationTaskExecutor' 
2019-03-19 10:40:51.902 INFO  --- [main] c.a.d.c.s.b.f.a.DubboConfigBindingBeanPostProcessor : The properties of bean [name : com.alibaba.dubbo.config.ApplicationConfig#0] have been binding by prefix of configuration properties : dubbo.application 
2019-03-19 10:40:51.907 INFO  --- [main] c.a.d.c.s.b.f.a.DubboConfigBindingBeanPostProcessor : The properties of bean [name : com.alibaba.dubbo.config.RegistryConfig#0] have been binding by prefix of configuration properties : dubbo.registry 
2019-03-19 10:40:51.912 INFO  --- [main] c.a.d.c.s.b.f.a.DubboConfigBindingBeanPostProcessor : The properties of bean [name : com.alibaba.dubbo.config.ProtocolConfig#0] have been binding by prefix of configuration properties : dubbo.protocol 
2019-03-19 10:40:52.340 INFO  --- [main] o.s.s.c.ThreadPoolTaskScheduler : Initializing ExecutorService 'taskScheduler' 
2019-03-19 10:40:52.470 INFO  --- [main] o.s.b.w.e.tomcat.TomcatWebServer : Tomcat initialized with port(s): 9999 (http) 
2019-03-19 10:40:52.472 INFO  --- [main] o.a.catalina.core.StandardService : Starting service [Tomcat] 
2019-03-19 10:40:52.472 INFO  --- [main] o.a.catalina.core.StandardEngine : Starting Servlet engine: [Apache Tomcat/9.0.16] 
2019-03-19 10:40:52.492 INFO  --- [main] o.a.c.c.C.[Tomcat-1].[localhost].[/] : Initializing Spring embedded WebApplicationContext 
2019-03-19 10:40:52.492 INFO  --- [main] o.s.web.context.ContextLoader : Root WebApplicationContext: initialization completed in 86 ms 
2019-03-19 10:40:52.508 INFO  --- [main] o.s.b.a.e.web.EndpointLinksResolver : Exposing 2 endpoint(s) beneath base path '/actuator' 
2019-03-19 10:40:52.565 INFO  --- [main] o.s.b.w.e.tomcat.TomcatWebServer : Tomcat started on port(s): 9999 (http) with context path '' 
2019-03-19 10:40:52.582 INFO  --- [main] o.s.b.w.e.tomcat.TomcatWebServer : Tomcat started on port(s): 8080 (http) with context path '' 
2019-03-19 10:40:52.583 INFO  --- [main] com.csdc.TlabelApplication : Started TlabelApplication in 3.246 seconds (JVM running for 4.026) 
2019-03-19 10:40:54.022 INFO  --- [RMI TCP Connection(9)-127.0.0.1] o.a.c.c.C.[Tomcat].[localhost].[/] : Initializing Spring DispatcherServlet 'dispatcherServlet' 
2019-03-19 10:40:54.023 INFO  --- [RMI TCP Connection(9)-127.0.0.1] o.s.web.servlet.DispatcherServlet : Initializing Servlet 'dispatcherServlet' 
2019-03-19 10:40:54.034 INFO  --- [RMI TCP Connection(9)-127.0.0.1] o.s.web.servlet.DispatcherServlet : Completed initialization in 10 ms 
2019-03-19 10:40:54.338 INFO  --- [RMI TCP Connection(10)-127.0.0.1] c.alibaba.druid.pool.DruidDataSource : {dataSource-1} inited 
2019-03-19 10:41:11.839 INFO  --- [main] c.a.d.common.logger.LoggerFactory : using logger: com.alibaba.dubbo.common.logger.slf4j.Slf4jLoggerAdapter 
2019-03-19 10:41:11.845 INFO  --- [main] c.a.b.d.c.e.WelcomeLogoApplicationListener : 

 :: Dubbo Spring Boot (v0.2.0) : https://github.com/apache/incubator-dubbo-spring-boot-project
 :: Dubbo (v2.6.2) : https://github.com/apache/incubator-dubbo
 :: Google group : dev@dubbo.incubator.apache.org
 
2019-03-19 10:41:11.847 INFO  --- [main] c.a.b.d.c.e.OverrideDubboConfigApplicationListener : Dubbo Config was overridden by externalized configuration {dubbo.application.name=tpva, dubbo.protocol.name=dubbo, dubbo.protocol.port=12345, dubbo.protocol.threads=10, dubbo.registry.address=192.168.88.97:30000, dubbo.registry.protocol=zookeeper, dubbo.registry.timeout=30000} 
2019-03-19 10:41:11.904 INFO  --- [main] com.csdc.TlabelApplication : Starting TlabelApplication on csdc-PC with PID 11660 (E:\projects\tlabel\tlabel_service\target\classes started by csdc in E:\projects\tlabel) 
2019-03-19 10:41:11.905 INFO  --- [main] com.csdc.TlabelApplication : No active profile set, falling back to default profiles: default 
2019-03-19 10:41:12.384 INFO  --- [main] c.a.d.c.s.c.a.DubboConfigBindingRegistrar : The dubbo config bean definition [name : com.alibaba.dubbo.config.ApplicationConfig#0, class : com.alibaba.dubbo.config.ApplicationConfig] has been registered. 
2019-03-19 10:41:12.385 INFO  --- [main] c.a.d.c.s.c.a.DubboConfigBindingRegistrar : The BeanPostProcessor bean definition [com.alibaba.dubbo.config.spring.beans.factory.annotation.DubboConfigBindingBeanPostProcessor] for dubbo config bean [name : com.alibaba.dubbo.config.ApplicationConfig#0] has been registered. 
2019-03-19 10:41:12.385 INFO  --- [main] c.a.d.c.s.c.a.DubboConfigBindingRegistrar : The dubbo config bean definition [name : com.alibaba.dubbo.config.RegistryConfig#0, class : com.alibaba.dubbo.config.RegistryConfig] has been registered. 
2019-03-19 10:41:12.385 INFO  --- [main] c.a.d.c.s.c.a.DubboConfigBindingRegistrar : The BeanPostProcessor bean definition [com.alibaba.dubbo.config.spring.beans.factory.annotation.DubboConfigBindingBeanPostProcessor] for dubbo config bean [name : com.alibaba.dubbo.config.RegistryConfig#0] has been registered. 
2019-03-19 10:41:12.385 INFO  --- [main] c.a.d.c.s.c.a.DubboConfigBindingRegistrar : The dubbo config bean definition [name : com.alibaba.dubbo.config.ProtocolConfig#0, class : com.alibaba.dubbo.config.ProtocolConfig] has been registered. 
2019-03-19 10:41:12.386 INFO  --- [main] c.a.d.c.s.c.a.DubboConfigBindingRegistrar : The BeanPostProcessor bean definition [com.alibaba.dubbo.config.spring.beans.factory.annotation.DubboConfigBindingBeanPostProcessor] for dubbo config bean [name : com.alibaba.dubbo.config.ProtocolConfig#0] has been registered. 
2019-03-19 10:41:12.666 INFO  --- [main] o.s.c.s.PostProcessorRegistrationDelegate$BeanPostProcessorChecker : Bean 'com.alibaba.boot.dubbo.autoconfigure.DubboAutoConfiguration' of type [com.alibaba.boot.dubbo.autoconfigure.DubboAutoConfiguration$$EnhancerBySpringCGLIB$$10d31006] is not eligible for getting processed by all BeanPostProcessors (for example: not eligible for auto-proxying) 
2019-03-19 10:41:12.748 INFO  --- [main] o.s.c.s.PostProcessorRegistrationDelegate$BeanPostProcessorChecker : Bean 'relaxedDubboConfigBinder' of type [com.alibaba.boot.dubbo.autoconfigure.RelaxedDubboConfigBinder] is not eligible for getting processed by all BeanPostProcessors (for example: not eligible for auto-proxying) 
2019-03-19 10:41:12.757 INFO  --- [main] o.s.c.s.PostProcessorRegistrationDelegate$BeanPostProcessorChecker : Bean 'org.springframework.transaction.annotation.ProxyTransactionManagementConfiguration' of type [org.springframework.transaction.annotation.ProxyTransactionManagementConfiguration$$EnhancerBySpringCGLIB$$1d16a94] is not eligible for getting processed by all BeanPostProcessors (for example: not eligible for auto-proxying) 
2019-03-19 10:41:12.782 INFO  --- [main] o.s.c.s.PostProcessorRegistrationDelegate$BeanPostProcessorChecker : Bean 'relaxedDubboConfigBinder' of type [com.alibaba.boot.dubbo.autoconfigure.RelaxedDubboConfigBinder] is not eligible for getting processed by all BeanPostProcessors (for example: not eligible for auto-proxying) 
2019-03-19 10:41:12.784 INFO  --- [main] o.s.c.s.PostProcessorRegistrationDelegate$BeanPostProcessorChecker : Bean 'relaxedDubboConfigBinder' of type [com.alibaba.boot.dubbo.autoconfigure.RelaxedDubboConfigBinder] is not eligible for getting processed by all BeanPostProcessors (for example: not eligible for auto-proxying) 
2019-03-19 10:41:13.089 INFO  --- [main] o.s.b.w.e.tomcat.TomcatWebServer : Tomcat initialized with port(s): 8080 (http) 
2019-03-19 10:41:13.108 INFO  --- [main] o.a.catalina.core.StandardService : Starting service [Tomcat] 
2019-03-19 10:41:13.108 INFO  --- [main] o.a.catalina.core.StandardEngine : Starting Servlet engine: [Apache Tomcat/9.0.16] 
2019-03-19 10:41:13.114 INFO  --- [main] o.a.c.core.AprLifecycleListener : The APR based Apache Tomcat Native library which allows optimal performance in production environments was not found on the java.library.path: [C:\Java\jdk1.8.0_101\bin;C:\WINDOWS\Sun\Java\bin;C:\WINDOWS\system32;C:\WINDOWS;c:\gtk\bin;C:\Program Files (x86)\Common Files\Oracle\Java\javapath;C:\windows\system32;C:\windows;C:\windows\System32\Wbem;C:\windows\System32\WindowsPowerShell\v1.0\;C:\Program Files (x86)\NVIDIA Corporation\PhysX\Common;C:\WINDOWS\system32;C:\WINDOWS;C:\WINDOWS\System32\Wbem;C:\WINDOWS\System32\WindowsPowerShell\v1.0\;C:\WINDOWS\System32\OpenSSH\;C:\Program Files\MySQL\MySQL Server 8.0\bin;C:\Program Files\TortoiseSVN\bin;C:\Program Files\MySQL\MySQL Server 5.7\bin;D:\program files\apache-maven\bin;D:\gradle-4.8.1\bin;C:\Java\jdk-10.0.1\bin;%JRE_HOME%;D:\program files\Tomcat\apache-tomcat-7.0.90\apache-tomcat-7.0.90\bin;%ANDROID_SDK_HOME%\platform-tools;%ANDROID_SDK_HOME%\tools;C:\Users\csdc\AppData\Local\Microsoft\WindowsApps;D:\Program Files\Git\cmd;D:\program files\MongoDB\Server\3.2\bin;D:\program files\zookeeper-3.4.12\zookeeper-3.4.12\bin;C:\Users\csdc\AppData\Local\Microsoft\WindowsApps;;.] 
2019-03-19 10:41:13.199 INFO  --- [main] o.a.c.c.C.[Tomcat].[localhost].[/] : Initializing Spring embedded WebApplicationContext 
2019-03-19 10:41:13.200 INFO  --- [main] o.s.web.context.ContextLoader : Root WebApplicationContext: initialization completed in 1260 ms 
2019-03-19 10:41:13.975 INFO  --- [main] o.s.s.c.ThreadPoolTaskExecutor : Initializing ExecutorService 'applicationTaskExecutor' 
2019-03-19 10:41:14.099 INFO  --- [main] c.a.d.c.s.b.f.a.DubboConfigBindingBeanPostProcessor : The properties of bean [name : com.alibaba.dubbo.config.ApplicationConfig#0] have been binding by prefix of configuration properties : dubbo.application 
2019-03-19 10:41:14.104 INFO  --- [main] c.a.d.c.s.b.f.a.DubboConfigBindingBeanPostProcessor : The properties of bean [name : com.alibaba.dubbo.config.RegistryConfig#0] have been binding by prefix of configuration properties : dubbo.registry 
2019-03-19 10:41:14.110 INFO  --- [main] c.a.d.c.s.b.f.a.DubboConfigBindingBeanPostProcessor : The properties of bean [name : com.alibaba.dubbo.config.ProtocolConfig#0] have been binding by prefix of configuration properties : dubbo.protocol 
2019-03-19 10:41:14.521 INFO  --- [main] o.s.s.c.ThreadPoolTaskScheduler : Initializing ExecutorService 'taskScheduler' 
2019-03-19 10:41:14.658 INFO  --- [main] o.s.b.w.e.tomcat.TomcatWebServer : Tomcat initialized with port(s): 9999 (http) 
2019-03-19 10:41:14.660 INFO  --- [main] o.a.catalina.core.StandardService : Starting service [Tomcat] 
2019-03-19 10:41:14.660 INFO  --- [main] o.a.catalina.core.StandardEngine : Starting Servlet engine: [Apache Tomcat/9.0.16] 
2019-03-19 10:41:14.681 INFO  --- [main] o.a.c.c.C.[Tomcat-1].[localhost].[/] : Initializing Spring embedded WebApplicationContext 
2019-03-19 10:41:14.681 INFO  --- [main] o.s.web.context.ContextLoader : Root WebApplicationContext: initialization completed in 94 ms 
2019-03-19 10:41:14.698 INFO  --- [main] o.s.b.a.e.web.EndpointLinksResolver : Exposing 2 endpoint(s) beneath base path '/actuator' 
2019-03-19 10:41:14.759 INFO  --- [main] o.s.b.w.e.tomcat.TomcatWebServer : Tomcat started on port(s): 9999 (http) with context path '' 
2019-03-19 10:41:14.776 INFO  --- [main] o.s.b.w.e.tomcat.TomcatWebServer : Tomcat started on port(s): 8080 (http) with context path '' 
2019-03-19 10:41:14.777 INFO  --- [main] com.csdc.TlabelApplication : Started TlabelApplication in 3.198 seconds (JVM running for 3.933) 
2019-03-19 10:41:15.978 INFO  --- [RMI TCP Connection(2)-127.0.0.1] o.a.c.c.C.[Tomcat].[localhost].[/] : Initializing Spring DispatcherServlet 'dispatcherServlet' 
2019-03-19 10:41:15.978 INFO  --- [RMI TCP Connection(2)-127.0.0.1] o.s.web.servlet.DispatcherServlet : Initializing Servlet 'dispatcherServlet' 
2019-03-19 10:41:15.991 INFO  --- [RMI TCP Connection(2)-127.0.0.1] o.s.web.servlet.DispatcherServlet : Completed initialization in 12 ms 
2019-03-19 10:41:16.301 INFO  --- [RMI TCP Connection(8)-127.0.0.1] c.alibaba.druid.pool.DruidDataSource : {dataSource-1} inited 
